orderUp/Order Up/Temp/gradleOut/unityLibrary/build/intermediates/manifest_merge_blame_file/release/manifest-merger-blame-release-report.txt
1<?xml version="1.0" encoding="utf-8"?>
2<!-- GENERATED BY UNITY. REMOVE THIS COMMENT TO PREVENT OVERWRITING WHEN EXPORTING AGAIN -->
3<manifest xmlns:android="http://schemas.android.com/apk/res/android"
4    xmlns:tools="http://schemas.android.com/tools"
5    package="com.unity3d.player"
6    android:versionCode="1"
7    android:versionName="1.0" >
8
9    <uses-sdk
10        android:minSdkVersion="19"
10-->src\main\AndroidManifest.xml
11        android:targetSdkVersion="29" />
11-->src\main\AndroidManifest.xml
12
13    <uses-feature android:glEsVersion="0x00030000" />
13-->src\main\AndroidManifest.xml:18:3-52
13-->src\main\AndroidManifest.xml:18:17-49
14    <uses-feature
14-->src\main\AndroidManifest.xml:19:3-91
15        android:name="android.hardware.vulkan.version"
15-->src\main\AndroidManifest.xml:19:17-63
16        android:required="false" />
16-->src\main\AndroidManifest.xml:19:64-88
17
18    <uses-permission android:name="android.permission.RECORD_AUDIO" />
18-->src\main\AndroidManifest.xml:20:3-69
18-->src\main\AndroidManifest.xml:20:20-66
19    <uses-permission android:name="android.permission.MODIFY_AUDIO_SETTINGS" />
19-->src\main\AndroidManifest.xml:21:3-78
19-->src\main\AndroidManifest.xml:21:20-75
20    <uses-permission android:name="android.permission.BLUETOOTH" />
20-->src\main\AndroidManifest.xml:22:3-66
20-->src\main\AndroidManifest.xml:22:20-63
21
22    <uses-feature
22-->src\main\AndroidManifest.xml:23:3-87
23        android:name="android.hardware.microphone"
23-->src\main\AndroidManifest.xml:23:17-59
24        android:required="false" />
24-->src\main\AndroidManifest.xml:23:60-84
25    <uses-feature
25-->src\main\AndroidManifest.xml:24:3-88
26        android:name="android.hardware.touchscreen"
26-->src\main\AndroidManifest.xml:24:17-60
27        android:required="false" />
27-->src\main\AndroidManifest.xml:24:61-85
28    <uses-feature
28-->src\main\AndroidManifest.xml:25:3-99
29        android:name="android.hardware.touchscreen.multitouch"
29-->src\main\AndroidManifest.xml:25:17-71
30        android:required="false" />
30-->src\main\AndroidManifest.xml:25:72-96
31    <uses-feature
31-->src\main\AndroidManifest.xml:26:3-108
32        android:name="android.hardware.touchscreen.multitouch.distinct"
32-->src\main\AndroidManifest.xml:26:17-80
33        android:required="false" />
33-->src\main\AndroidManifest.xml:26:81-105
34
35    <application>
35-->src\main\AndroidManifest.xml:4:3-17:17
36        <activity
36-->src\main\AndroidManifest.xml:5:5-12:16
37            android:name="com.unity3d.player.UnityPlayerActivity"
37-->src\main\AndroidManifest.xml:5:15-68
38            android:configChanges="mcc|mnc|locale|touchscreen|keyboard|keyboardHidden|navigation|orientation|screenLayout|uiMode|screenSize|smallestScreenSize|fontScale|layoutDirection|density"
38-->src\main\AndroidManifest.xml:5:182-363
39            android:hardwareAccelerated="false"
39-->src\main\AndroidManifest.xml:5:364-399
40            android:launchMode="singleTask"
40-->src\main\AndroidManifest.xml:5:150-181
41            android:screenOrientation="fullSensor"
41-->src\main\AndroidManifest.xml:5:111-149
42            android:theme="@style/UnityThemeSelector" >
42-->src\main\AndroidManifest.xml:5:69-110
43            <intent-filter>
43-->src\main\AndroidManifest.xml:6:7-9:23
44                <action android:name="android.intent.action.MAIN" />
44-->src\main\AndroidManifest.xml:7:9-61
44-->src\main\AndroidManifest.xml:7:17-58
45
46                <category android:name="android.intent.category.LAUNCHER" />
46-->src\main\AndroidManifest.xml:8:9-69
46-->src\main\AndroidManifest.xml:8:19-66
47            </intent-filter>
48
49            <meta-data
49-->src\main\AndroidManifest.xml:10:7-82
50                android:name="unityplayer.UnityActivity"
50-->src\main\AndroidManifest.xml:10:18-58
51                android:value="true" />
51-->src\main\AndroidManifest.xml:10:59-79
52            <meta-data
52-->src\main\AndroidManifest.xml:11:7-78
53                android:name="android.notch_support"
53-->src\main\AndroidManifest.xml:11:18-54
54                android:value="true" />
54-->src\main\AndroidManifest.xml:11:55-75
55        </activity>
56
57        <meta-data
57-->src\main\AndroidManifest.xml:13:5-69
58            android:name="unity.splash-mode"
58-->src\main\AndroidManifest.xml:13:16-48
59            android:value="0" />
59-->src\main\AndroidManifest.xml:13:49-66
60        <meta-data
60-->src\main\AndroidManifest.xml:14:5-74
61            android:name="unity.splash-enable"
61-->src\main\AndroidManifest.xml:14:16-50
62            android:value="True" />
62-->src\main\AndroidManifest.xml:14:51-71
63        <meta-data
63-->src\main\AndroidManifest.xml:15:5-81
64            android:name="notch.config"
64-->src\main\AndroidManifest.xml:15:16-43
65            android:value="portrait|landscape" />
65-->src\main\AndroidManifest.xml:15:44-78
66        <meta-data
66-->src\main\AndroidManifest.xml:16:5-101
67            android:name="unity.build-id"
67-->src\main\AndroidManifest.xml:16:16-45
68            android:value="c1b18041-cfbe-4aaf-a4f5-91feb6f040a5" />
68-->src\main\AndroidManifest.xml:16:46-98
69    </application>
70
71</manifest>